<?xml version="1.0" encoding="UTF-8"?>
<coverage generated="1703168165214" clover="3.2.0">
  <project timestamp="1703168165214" name="All files">
    <metrics statements="19" coveredstatements="10" conditionals="0" coveredconditionals="0" methods="4" coveredmethods="3" elements="23" coveredelements="13" complexity="0" loc="19" ncloc="19" packages="1" files="4" classes="4"/>
    <file name="app.controller.ts" path="/home/runner/work/anuj-github-action/anuj-github-action/src/app.controller.ts">
      <metrics statements="6" coveredstatements="6" conditionals="0" coveredconditionals="0" methods="2" coveredmethods="2"/>
      <line num="1" count="1" type="stmt"/>
      <line num="2" count="1" type="stmt"/>
      <line num="5" count="1" type="stmt"/>
      <line num="6" count="1" type="stmt"/>
      <line num="8" count="1" type="stmt"/>
      <line num="10" count="1" type="stmt"/>
    </file>
    <file name="app.module.ts" path="/home/runner/work/anuj-github-action/anuj-github-action/src/app.module.ts">
      <metrics statements="4" coveredstatements="0" conditionals="0" coveredconditionals="0" methods="0" coveredmethods="0"/>
      <line num="1" count="0" type="stmt"/>
      <line num="2" count="0" type="stmt"/>
      <line num="3" count="0" type="stmt"/>
      <line num="10" count="0" type="stmt"/>
    </file>
    <file name="app.service.ts" path="/home/runner/work/anuj-github-action/anuj-github-action/src/app.service.ts">
      <metrics statements="4" coveredstatements="4" conditionals="0" coveredconditionals="0" methods="1" coveredmethods="1"/>
      <line num="1" count="1" type="stmt"/>
      <line num="4" count="1" type="stmt"/>
      <line num="6" count="1" type="stmt"/>
      <line num="7" count="1" type="stmt"/>
    </file>
    <file name="main.ts" path="/home/runner/work/anuj-github-action/anuj-github-action/src/main.ts">
      <metrics statements="5" coveredstatements="0" conditionals="0" coveredconditionals="0" methods="1" coveredmethods="0"/>
      <line num="1" count="0" type="stmt"/>
      <line num="2" count="0" type="stmt"/>
      <line num="5" count="0" type="stmt"/>
      <line num="6" count="0" type="stmt"/>
      <line num="8" count="0" type="stmt"/>
    </file>
  </project>
</coverage>
